This file contains any messages produced by compilers while
running configure, to aid debugging if configure makes a mistake.

It was created by pdf2svg configure 0.2.1, which was
generated by GNU Autoconf 2.69.  Invocation command line was

  $ ./configure 

## --------- ##
## Platform. ##
## --------- ##

hostname = ip-10-1-10-248
uname -m = x86_64
uname -r = 5.15.0-1026-aws
uname -s = Linux
uname -v = #30~20.04.2-Ubuntu SMP Fri Nov 25 14:53:22 UTC 2022

/usr/bin/uname -p = x86_64
/bin/uname -X     = unknown

/bin/arch              = x86_64
/usr/bin/arch -k       = unknown
/usr/convex/getsysinfo = unknown
/usr/bin/hostinfo      = unknown
/bin/machine           = unknown
/usr/bin/oslevel       = unknown
/bin/universe          = unknown

PATH: /usr/local/sbin
PATH: /usr/local/bin
PATH: /usr/sbin
PATH: /usr/bin
PATH: /sbin
PATH: /bin
PATH: /usr/games
PATH: /usr/local/games
PATH: /snap/bin


## ----------- ##
## Core tests. ##
## ----------- ##

configure:1867: checking for a BSD-compatible install
configure:1935: result: /usr/bin/install -c
configure:1946: checking whether build environment is sane
configure:2001: result: yes
configure:2150: checking for a thread-safe mkdir -p
configure:2189: result: /usr/bin/mkdir -p
configure:2196: checking for gawk
configure:2212: found /usr/bin/gawk
configure:2223: result: gawk
configure:2234: checking whether make sets $(MAKE)
configure:2256: result: yes
configure:2285: checking whether make supports nested variables
configure:2302: result: yes
configure:2478: checking for gcc
configure:2494: found /usr/bin/gcc
configure:2505: result: gcc
configure:2734: checking for C compiler version
configure:2743: gcc --version >&5
gcc (Ubuntu 9.4.0-1ubuntu1~20.04.1) 9.4.0
Copyright (C) 2019 Free Software Foundation, Inc.
This is free software; see the source for copying conditions.  There is NO
warranty; not even for MERCHANTABILITY or FITNESS FOR A PARTICULAR PURPOSE.

configure:2754: $? = 0
configure:2743: gcc -v >&5
Using built-in specs.
COLLECT_GCC=gcc
COLLECT_LTO_WRAPPER=/usr/lib/gcc/x86_64-linux-gnu/9/lto-wrapper
OFFLOAD_TARGET_NAMES=nvptx-none:hsa
OFFLOAD_TARGET_DEFAULT=1
Target: x86_64-linux-gnu
Configured with: ../src/configure -v --with-pkgversion='Ubuntu 9.4.0-1ubuntu1~20.04.1' --with-bugurl=file:///usr/share/doc/gcc-9/README.Bugs --enable-languages=c,ada,c++,go,brig,d,fortran,objc,obj-c++,gm2 --prefix=/usr --with-gcc-major-version-only --program-suffix=-9 --program-prefix=x86_64-linux-gnu- --enable-shared --enable-linker-build-id --libexecdir=/usr/lib --without-included-gettext --enable-threads=posix --libdir=/usr/lib --enable-nls --enable-clocale=gnu --enable-libstdcxx-debug --enable-libstdcxx-time=yes --with-default-libstdcxx-abi=new --enable-gnu-unique-object --disable-vtable-verify --enable-plugin --enable-default-pie --with-system-zlib --with-target-system-zlib=auto --enable-objc-gc=auto --enable-multiarch --disable-werror --with-arch-32=i686 --with-abi=m64 --with-multilib-list=m32,m64,mx32 --enable-multilib --with-tune=generic --enable-offload-targets=nvptx-none=/build/gcc-9-Av3uEd/gcc-9-9.4.0/debian/tmp-nvptx/usr,hsa --without-cuda-driver --enable-checking=release --build=x86_64-linux-gnu --host=x86_64-linux-gnu --target=x86_64-linux-gnu
Thread model: posix
gcc version 9.4.0 (Ubuntu 9.4.0-1ubuntu1~20.04.1) 
configure:2754: $? = 0
configure:2743: gcc -V >&5
gcc: error: unrecognized command line option '-V'
gcc: fatal error: no input files
compilation terminated.
configure:2754: $? = 1
configure:2743: gcc -qversion >&5
gcc: error: unrecognized command line option '-qversion'; did you mean '--version'?
gcc: fatal error: no input files
compilation terminated.
configure:2754: $? = 1
configure:2774: checking whether the C compiler works
configure:2796: gcc    conftest.c  >&5
configure:2800: $? = 0
configure:2848: result: yes
configure:2851: checking for C compiler default output file name
configure:2853: result: a.out
configure:2859: checking for suffix of executables
configure:2866: gcc -o conftest    conftest.c  >&5
configure:2870: $? = 0
configure:2892: result: 
configure:2914: checking whether we are cross compiling
configure:2922: gcc -o conftest    conftest.c  >&5
configure:2926: $? = 0
configure:2933: ./conftest
configure:2937: $? = 0
configure:2925: result: no
configure:2930: checking for suffix of object files
configure:2952: gcc -c   conftest.c >&5
configure:2956: $? = 0
configure:2977: result: o
configure:2981: checking whether we are using the GNU C compiler
configure:3000: gcc -c   conftest.c >&5
configure:3000: $? = 0
configure:3009: result: yes
configure:3018: checking whether gcc accepts -g
configure:3038: gcc -c -g  conftest.c >&5
configure:3038: $? = 0
configure:3079: result: yes
configure:3096: checking for gcc option to accept ISO C89
configure:3159: gcc  -c -g -O2  conftest.c >&5
configure:3159: $? = 0
configure:3172: result: none needed
configure:3197: checking whether gcc understands -c and -o together
configure:3219: gcc -c conftest.c -o conftest2.o
configure:3222: $? = 0
configure:3219: gcc -c conftest.c -o conftest2.o
configure:3222: $? = 0
configure:3234: result: yes
configure:3254: checking whether make supports the include directive
configure:3269: make -f confmf.GNU && cat confinc.out
this is the am__doit target
configure:3272: $? = 0
configure:3291: result: yes (GNU style)
configure:3316: checking dependency style of gcc
configure:3427: result: gcc3
configure:3445: checking for an ANSI C-conforming const
configure:3511: gcc -c -g -O2  conftest.c >&5
configure:3511: $? = 0
configure:3518: result: yes
configure:3582: checking for pkg-config
configure:3600: found /usr/bin/pkg-config
configure:3612: result: /usr/bin/pkg-config
configure:3637: checking pkg-config is at least version 0.9.0
configure:3640: result: yes
configure:3650: checking for CAIRO
configure:3657: $PKG_CONFIG --exists --print-errors "cairo >= 1.2.6"
configure:3660: $? = 0
configure:3674: $PKG_CONFIG --exists --print-errors "cairo >= 1.2.6"
configure:3677: $? = 0
configure:3735: result: yes
configure:3742: checking for POPPLERGLIB
configure:3749: $PKG_CONFIG --exists --print-errors "poppler-glib >= 0.5.4"
configure:3752: $? = 0
configure:3766: $PKG_CONFIG --exists --print-errors "poppler-glib >= 0.5.4"
configure:3769: $? = 0
configure:3827: result: yes
configure:3972: checking that generated files are newer than configure
configure:3978: result: done
configure:4001: creating ./config.status

## ---------------------- ##
## Running config.status. ##
## ---------------------- ##

This file was extended by pdf2svg config.status 0.2.1, which was
generated by GNU Autoconf 2.69.  Invocation command line was

  CONFIG_FILES    = 
  CONFIG_HEADERS  = 
  CONFIG_LINKS    = 
  CONFIG_COMMANDS = 
  $ ./config.status 

on ip-10-1-10-248

config.status:778: creating Makefile
config.status:950: executing depfiles commands
config.status:1027: cd .       && sed -e '/# am--include-marker/d' Makefile         | make -f - am--depfiles
config.status:1032: $? = 0

## ---------------- ##
## Cache variables. ##
## ---------------- ##

ac_cv_c_compiler_gnu=yes
ac_cv_c_const=yes
ac_cv_env_CAIRO_CFLAGS_set=
ac_cv_env_CAIRO_CFLAGS_value=
ac_cv_env_CAIRO_LIBS_set=
ac_cv_env_CAIRO_LIBS_value=
ac_cv_env_CC_set=
ac_cv_env_CC_value=
ac_cv_env_CFLAGS_set=
ac_cv_env_CFLAGS_value=
ac_cv_env_CPPFLAGS_set=
ac_cv_env_CPPFLAGS_value=
ac_cv_env_LDFLAGS_set=
ac_cv_env_LDFLAGS_value=
ac_cv_env_LIBS_set=
ac_cv_env_LIBS_value=
ac_cv_env_PKG_CONFIG_LIBDIR_set=
ac_cv_env_PKG_CONFIG_LIBDIR_value=
ac_cv_env_PKG_CONFIG_PATH_set=
ac_cv_env_PKG_CONFIG_PATH_value=
ac_cv_env_PKG_CONFIG_set=
ac_cv_env_PKG_CONFIG_value=
ac_cv_env_POPPLERGLIB_CFLAGS_set=
ac_cv_env_POPPLERGLIB_CFLAGS_value=
ac_cv_env_POPPLERGLIB_LIBS_set=
ac_cv_env_POPPLERGLIB_LIBS_value=
ac_cv_env_build_alias_set=
ac_cv_env_build_alias_value=
ac_cv_env_host_alias_set=
ac_cv_env_host_alias_value=
ac_cv_env_target_alias_set=
ac_cv_env_target_alias_value=
ac_cv_objext=o
ac_cv_path_ac_pt_PKG_CONFIG=/usr/bin/pkg-config
ac_cv_path_install='/usr/bin/install -c'
ac_cv_path_mkdir=/usr/bin/mkdir
ac_cv_prog_AWK=gawk
ac_cv_prog_ac_ct_CC=gcc
ac_cv_prog_cc_c89=
ac_cv_prog_cc_g=yes
ac_cv_prog_make_make_set=yes
am_cv_CC_dependencies_compiler_type=gcc3
am_cv_make_support_nested_variables=yes
am_cv_prog_cc_c_o=yes
pkg_cv_CAIRO_CFLAGS='-I/usr/include/cairo -I/usr/include/glib-2.0 -I/usr/lib/x86_64-linux-gnu/glib-2.0/include -I/usr/include/pixman-1 -I/usr/include/uuid -I/usr/include/freetype2 -I/usr/include/libpng16'
pkg_cv_CAIRO_LIBS=-lcairo
pkg_cv_POPPLERGLIB_CFLAGS='-I/usr/include/poppler/glib -I/usr/include/poppler -I/usr/include/cairo -I/usr/include/glib-2.0 -I/usr/lib/x86_64-linux-gnu/glib-2.0/include -I/usr/include/pixman-1 -I/usr/include/uuid -I/usr/include/freetype2 -I/usr/include/libpng16'
pkg_cv_POPPLERGLIB_LIBS='-lpoppler-glib -lgobject-2.0 -lglib-2.0 -lcairo'

## ----------------- ##
## Output variables. ##
## ----------------- ##

ACLOCAL='${SHELL} /home/ubuntu/pdf2svg/missing aclocal-1.16'
AMDEPBACKSLASH='\'
AMDEP_FALSE='#'
AMDEP_TRUE=''
AMTAR='$${TAR-tar}'
AM_BACKSLASH='\'
AM_DEFAULT_V='$(AM_DEFAULT_VERBOSITY)'
AM_DEFAULT_VERBOSITY='1'
AM_V='$(V)'
AUTOCONF='${SHELL} /home/ubuntu/pdf2svg/missing autoconf'
AUTOHEADER='${SHELL} /home/ubuntu/pdf2svg/missing autoheader'
AUTOMAKE='${SHELL} /home/ubuntu/pdf2svg/missing automake-1.16'
AWK='gawk'
CAIRO_CFLAGS='-I/usr/include/cairo -I/usr/include/glib-2.0 -I/usr/lib/x86_64-linux-gnu/glib-2.0/include -I/usr/include/pixman-1 -I/usr/include/uuid -I/usr/include/freetype2 -I/usr/include/libpng16'
CAIRO_LIBS='-lcairo'
CC='gcc'
CCDEPMODE='depmode=gcc3'
CFLAGS='-g -O2'
CPPFLAGS=''
CYGPATH_W='echo'
DEFS='-DPACKAGE_NAME=\"pdf2svg\" -DPACKAGE_TARNAME=\"pdf2svg\" -DPACKAGE_VERSION=\"0.2.1\" -DPACKAGE_STRING=\"pdf2svg\ 0.2.1\" -DPACKAGE_BUGREPORT=\"David\ Barton\ \<davebarton@cityinthesky.co.uk\>\" -DPACKAGE_URL=\"\" -DPACKAGE=\"pdf2svg\" -DVERSION=\"0.2.1\"'
DEPDIR='.deps'
ECHO_C=''
ECHO_N='-n'
ECHO_T=''
EXEEXT=''
INSTALL_DATA='${INSTALL} -m 644'
INSTALL_PROGRAM='${INSTALL}'
INSTALL_SCRIPT='${INSTALL}'
INSTALL_STRIP_PROGRAM='$(install_sh) -c -s'
LDFLAGS=''
LIBOBJS=''
LIBS=''
LTLIBOBJS=''
MAKEINFO='${SHELL} /home/ubuntu/pdf2svg/missing makeinfo'
MKDIR_P='/usr/bin/mkdir -p'
OBJEXT='o'
PACKAGE='pdf2svg'
PACKAGE_BUGREPORT='David Barton <davebarton@cityinthesky.co.uk>'
PACKAGE_NAME='pdf2svg'
PACKAGE_STRING='pdf2svg 0.2.1'
PACKAGE_TARNAME='pdf2svg'
PACKAGE_URL=''
PACKAGE_VERSION='0.2.1'
PATH_SEPARATOR=':'
PKG_CONFIG='/usr/bin/pkg-config'
PKG_CONFIG_LIBDIR=''
PKG_CONFIG_PATH=''
POPPLERGLIB_CFLAGS='-I/usr/include/poppler/glib -I/usr/include/poppler -I/usr/include/cairo -I/usr/include/glib-2.0 -I/usr/lib/x86_64-linux-gnu/glib-2.0/include -I/usr/include/pixman-1 -I/usr/include/uuid -I/usr/include/freetype2 -I/usr/include/libpng16'
POPPLERGLIB_LIBS='-lpoppler-glib -lgobject-2.0 -lglib-2.0 -lcairo'
SET_MAKE=''
SHELL='/bin/bash'
STRIP=''
VERSION='0.2.1'
ac_ct_CC='gcc'
am__EXEEXT_FALSE=''
am__EXEEXT_TRUE='#'
am__fastdepCC_FALSE='#'
am__fastdepCC_TRUE=''
am__include='include'
am__isrc=''
am__leading_dot='.'
am__nodep='_no'
am__quote=''
am__tar='$${TAR-tar} chof - "$$tardir"'
am__untar='$${TAR-tar} xf -'
bindir='${exec_prefix}/bin'
build_alias=''
datadir='${datarootdir}'
datarootdir='${prefix}/share'
docdir='${datarootdir}/doc/${PACKAGE_TARNAME}'
dvidir='${docdir}'
exec_prefix='${prefix}'
host_alias=''
htmldir='${docdir}'
includedir='${prefix}/include'
infodir='${datarootdir}/info'
install_sh='${SHELL} /home/ubuntu/pdf2svg/install-sh'
libdir='${exec_prefix}/lib'
libexecdir='${exec_prefix}/libexec'
localedir='${datarootdir}/locale'
localstatedir='${prefix}/var'
mandir='${datarootdir}/man'
mkdir_p='$(MKDIR_P)'
oldincludedir='/usr/include'
pdfdir='${docdir}'
prefix='/usr/local'
program_transform_name='s,x,x,'
psdir='${docdir}'
runstatedir='${localstatedir}/run'
sbindir='${exec_prefix}/sbin'
sharedstatedir='${prefix}/com'
sysconfdir='${prefix}/etc'
target_alias=''

## ----------- ##
## confdefs.h. ##
## ----------- ##

/* confdefs.h */
#define PACKAGE_NAME "pdf2svg"
#define PACKAGE_TARNAME "pdf2svg"
#define PACKAGE_VERSION "0.2.1"
#define PACKAGE_STRING "pdf2svg 0.2.1"
#define PACKAGE_BUGREPORT "David Barton <davebarton@cityinthesky.co.uk>"
#define PACKAGE_URL ""
#define PACKAGE "pdf2svg"
#define VERSION "0.2.1"

configure: exit 0
